This is pdfTeX, Version 3.14159265-2.6-1.40.21 (TeX Live 2020/W32TeX) (preloaded format=pdflatex 2020.10.31)  11 NOV 2020 18:56
entering extended mode
 restricted \write18 enabled.
 %&-line parsing enabled.
**stock_analysis.tex
(./stock_analysis.tex
LaTeX2e <2020-10-01> patch level 2
L3 programming layer <2020-10-27> xparse <2020-03-03> (c:/Users/seanx/AppData/R
oaming/TinyTeX/texmf-dist/tex/latex/base/article.cls
Document Class: article 2020/04/10 v1.4m Standard LaTeX document class
(c:/Users/seanx/AppData/Roaming/TinyTeX/texmf-dist/tex/latex/base/size11.clo
File: size11.clo 2020/04/10 v1.4m Standard LaTeX file (size option)
)
\c@part=\count175
\c@section=\count176
\c@subsection=\count177
\c@subsubsection=\count178
\c@paragraph=\count179
\c@subparagraph=\count180
\c@figure=\count181
\c@table=\count182
\abovecaptionskip=\skip47
\belowcaptionskip=\skip48
\bibindent=\dimen138
)
(c:/Users/seanx/AppData/Roaming/TinyTeX/texmf-dist/tex/latex/geometry/geometry.
sty
Package: geometry 2020/01/02 v5.9 Page Geometry

(c:/Users/seanx/AppData/Roaming/TinyTeX/texmf-dist/tex/latex/graphics/keyval.st
y
Package: keyval 2014/10/28 v1.15 key=value parser (DPC)
\KV@toks@=\toks15
)
(c:/Users/seanx/AppData/Roaming/TinyTeX/texmf-dist/tex/generic/iftex/ifvtex.sty
Package: ifvtex 2019/10/25 v1.7 ifvtex legacy package. Use iftex instead.
(c:/Users/seanx/AppData/Roaming/TinyTeX/texmf-dist/tex/generic/iftex/iftex.sty
Package: iftex 2020/03/06 v1.0d TeX engine tests
))
\Gm@cnth=\count183
\Gm@cntv=\count184
\c@Gm@tempcnt=\count185
\Gm@bindingoffset=\dimen139
\Gm@wd@mp=\dimen140
\Gm@odd@mp=\dimen141
\Gm@even@mp=\dimen142
\Gm@layoutwidth=\dimen143
\Gm@layoutheight=\dimen144
\Gm@layouthoffset=\dimen145
\Gm@layoutvoffset=\dimen146
\Gm@dimlist=\toks16
)
(c:/Users/seanx/AppData/Roaming/TinyTeX/texmf-dist/tex/latex/psnfss/mathpazo.st
y
Package: mathpazo 2020/03/25 PSNFSS-v9.3 Palatino w/ Pazo Math (D.Puga, WaS) 
\symupright=\mathgroup4
) (c:/Users/seanx/AppData/Roaming/TinyTeX/texmf-dist/tex/latex/base/fontenc.sty
Package: fontenc 2020/08/10 v2.0s Standard LaTeX package
LaTeX Font Info:    Trying to load font information for T1+ppl on input line 11
2.
(c:/Users/seanx/AppData/Roaming/TinyTeX/texmf-dist/tex/latex/psnfss/t1ppl.fd
File: t1ppl.fd 2001/06/04 font definitions for T1/ppl.
)) (c:/Users/seanx/AppData/Roaming/TinyTeX/texmf-dist/tex/latex/base/inputenc.s
ty
Package: inputenc 2020/08/01 v1.3d Input encoding file
\inpenc@prehook=\toks17
\inpenc@posthook=\toks18
)
(c:/Users/seanx/AppData/Roaming/TinyTeX/texmf-dist/tex/latex/abstract/abstract.
sty
Package: abstract 2009/06/08 v1.2a configurable abstracts
\abstitleskip=\skip49
\absleftindent=\skip50
\absrightindent=\skip51
\absparindent=\skip52
\absparsep=\skip53
)
(c:/Users/seanx/AppData/Roaming/TinyTeX/texmf-dist/tex/latex/tools/longtable.st
y
Package: longtable 2020/01/07 v4.13 Multi-page Table package (DPC)
\LTleft=\skip54
\LTright=\skip55
\LTpre=\skip56
\LTpost=\skip57
\LTchunksize=\count186
\LTcapwidth=\dimen147
\LT@head=\box47
\LT@firsthead=\box48
\LT@foot=\box49
\LT@lastfoot=\box50
\LT@cols=\count187
\LT@rows=\count188
\c@LT@tables=\count189
\c@LT@chunks=\count190
\LT@p@ftn=\toks19
)
(c:/Users/seanx/AppData/Roaming/TinyTeX/texmf-dist/tex/latex/booktabs/booktabs.
sty
Package: booktabs 2020/01/12 v1.61803398 Publication quality tables
\heavyrulewidth=\dimen148
\lightrulewidth=\dimen149
\cmidrulewidth=\dimen150
\belowrulesep=\dimen151
\belowbottomsep=\dimen152
\aboverulesep=\dimen153
\abovetopsep=\dimen154
\cmidrulesep=\dimen155
\cmidrulekern=\dimen156
\defaultaddspace=\dimen157
\@cmidla=\count191
\@cmidlb=\count192
\@aboverulesep=\dimen158
\@belowrulesep=\dimen159
\@thisruleclass=\count193
\@lastruleclass=\count194
\@thisrulewidth=\dimen160
)
(c:/Users/seanx/AppData/Roaming/TinyTeX/texmf-dist/tex/latex/graphics/graphicx.
sty
Package: graphicx 2020/09/09 v1.2b Enhanced LaTeX Graphics (DPC,SPQR)

(c:/Users/seanx/AppData/Roaming/TinyTeX/texmf-dist/tex/latex/graphics/graphics.
sty
Package: graphics 2020/08/30 v1.4c Standard LaTeX Graphics (DPC,SPQR)
(c:/Users/seanx/AppData/Roaming/TinyTeX/texmf-dist/tex/latex/graphics/trig.sty
Package: trig 2016/01/03 v1.10 sin cos tan (DPC)
)
(c:/Users/seanx/AppData/Roaming/TinyTeX/texmf-dist/tex/latex/graphics-cfg/graph
ics.cfg
File: graphics.cfg 2016/06/04 v1.11 sample graphics configuration
)
Package graphics Info: Driver file: pdftex.def on input line 105.

(c:/Users/seanx/AppData/Roaming/TinyTeX/texmf-dist/tex/latex/graphics-def/pdfte
x.def
File: pdftex.def 2020/10/05 v1.2a Graphics/color driver for pdftex
))
\Gin@req@height=\dimen161
\Gin@req@width=\dimen162
)
(c:/Users/seanx/AppData/Roaming/TinyTeX/texmf-dist/tex/latex/grffile/grffile.st
y
Package: grffile 2019/11/11 v2.1 Extended file name support for graphics (legac
y)
Package grffile Info: This package is an empty stub for compatibility on input 
line 40.
)
(c:/Users/seanx/AppData/Roaming/TinyTeX/texmf-dist/tex/latex/titlesec/titlesec.
sty
Package: titlesec 2019/10/16 v2.13 Sectioning titles
\ttl@box=\box51
\beforetitleunit=\skip58
\aftertitleunit=\skip59
\ttl@plus=\dimen163
\ttl@minus=\dimen164
\ttl@toksa=\toks20
\titlewidth=\dimen165
\titlewidthlast=\dimen166
\titlewidthfirst=\dimen167
)
\c@hypothesis=\count195

(c:/Users/seanx/AppData/Roaming/TinyTeX/texmf-dist/tex/latex/setspace/setspace.
sty
Package: setspace 2011/12/19 v6.7a set line spacing
)
(c:/Users/seanx/AppData/Roaming/TinyTeX/texmf-dist/tex/latex/hyperref/hyperref.
sty
Package: hyperref 2020-05-15 v7.00e Hypertext links for LaTeX

(c:/Users/seanx/AppData/Roaming/TinyTeX/texmf-dist/tex/generic/ltxcmds/ltxcmds.
sty
Package: ltxcmds 2020-05-10 v1.25 LaTeX kernel commands for general use (HO)
)
(c:/Users/seanx/AppData/Roaming/TinyTeX/texmf-dist/tex/generic/pdftexcmds/pdfte
xcmds.sty
Package: pdftexcmds 2020-06-27 v0.33 Utility functions of pdfTeX for LuaTeX (HO
)

(c:/Users/seanx/AppData/Roaming/TinyTeX/texmf-dist/tex/generic/infwarerr/infwar
err.sty
Package: infwarerr 2019/12/03 v1.5 Providing info/warning/error messages (HO)
)
Package pdftexcmds Info: \pdf@primitive is available.
Package pdftexcmds Info: \pdf@ifprimitive is available.
Package pdftexcmds Info: \pdfdraftmode found.
)
(c:/Users/seanx/AppData/Roaming/TinyTeX/texmf-dist/tex/generic/kvsetkeys/kvsetk
eys.sty
Package: kvsetkeys 2019/12/15 v1.18 Key value parser (HO)
)
(c:/Users/seanx/AppData/Roaming/TinyTeX/texmf-dist/tex/generic/kvdefinekeys/kvd
efinekeys.sty
Package: kvdefinekeys 2019-12-19 v1.6 Define keys (HO)
)
(c:/Users/seanx/AppData/Roaming/TinyTeX/texmf-dist/tex/generic/pdfescape/pdfesc
ape.sty
Package: pdfescape 2019/12/09 v1.15 Implements pdfTeX's escape features (HO)
)
(c:/Users/seanx/AppData/Roaming/TinyTeX/texmf-dist/tex/latex/hycolor/hycolor.st
y
Package: hycolor 2020-01-27 v1.10 Color options for hyperref/bookmark (HO)
)
(c:/Users/seanx/AppData/Roaming/TinyTeX/texmf-dist/tex/latex/letltxmacro/letltx
macro.sty
Package: letltxmacro 2019/12/03 v1.6 Let assignment for LaTeX macros (HO)
)
(c:/Users/seanx/AppData/Roaming/TinyTeX/texmf-dist/tex/latex/auxhook/auxhook.st
y
Package: auxhook 2019-12-17 v1.6 Hooks for auxiliary files (HO)
)
(c:/Users/seanx/AppData/Roaming/TinyTeX/texmf-dist/tex/latex/kvoptions/kvoption
s.sty
Package: kvoptions 2020-10-07 v3.14 Key value format for package options (HO)
)
\@linkdim=\dimen168
\Hy@linkcounter=\count196
\Hy@pagecounter=\count197

(c:/Users/seanx/AppData/Roaming/TinyTeX/texmf-dist/tex/latex/hyperref/pd1enc.de
f
File: pd1enc.def 2020-05-15 v7.00e Hyperref: PDFDocEncoding definition (HO)
Now handling font encoding PD1 ...
... no UTF-8 mapping file for font encoding PD1
)
(c:/Users/seanx/AppData/Roaming/TinyTeX/texmf-dist/tex/generic/intcalc/intcalc.
sty
Package: intcalc 2019/12/15 v1.3 Expandable calculations with integers (HO)
)
(c:/Users/seanx/AppData/Roaming/TinyTeX/texmf-dist/tex/generic/etexcmds/etexcmd
s.sty
Package: etexcmds 2019/12/15 v1.7 Avoid name clashes with e-TeX commands (HO)
)
\Hy@SavedSpaceFactor=\count198
Package hyperref Info: Hyper figures OFF on input line 4464.
Package hyperref Info: Link nesting OFF on input line 4469.
Package hyperref Info: Hyper index ON on input line 4472.
Package hyperref Info: Plain pages OFF on input line 4479.
Package hyperref Info: Backreferencing OFF on input line 4484.
Package hyperref Info: Implicit mode ON; LaTeX internals redefined.
Package hyperref Info: Bookmarks ON on input line 4717.
\c@Hy@tempcnt=\count199
(c:/Users/seanx/AppData/Roaming/TinyTeX/texmf-dist/tex/latex/url/url.sty
\Urlmuskip=\muskip16
Package: url 2013/09/16  ver 3.4  Verb mode for urls, etc.
)
LaTeX Info: Redefining \url on input line 5076.
\XeTeXLinkMargin=\dimen169

(c:/Users/seanx/AppData/Roaming/TinyTeX/texmf-dist/tex/generic/bitset/bitset.st
y
Package: bitset 2019/12/09 v1.3 Handle bit-vector datatype (HO)

(c:/Users/seanx/AppData/Roaming/TinyTeX/texmf-dist/tex/generic/bigintcalc/bigin
tcalc.sty
Package: bigintcalc 2019/12/15 v1.5 Expandable calculations on big integers (HO
)
))
\Fld@menulength=\count266
\Field@Width=\dimen170
\Fld@charsize=\dimen171
Package hyperref Info: Hyper figures OFF on input line 6347.
Package hyperref Info: Link nesting OFF on input line 6352.
Package hyperref Info: Hyper index ON on input line 6355.
Package hyperref Info: backreferencing OFF on input line 6362.
Package hyperref Info: Link coloring OFF on input line 6367.
Package hyperref Info: Link coloring with OCG OFF on input line 6372.
Package hyperref Info: PDF/A mode OFF on input line 6377.
LaTeX Info: Redefining \ref on input line 6417.
LaTeX Info: Redefining \pageref on input line 6421.

(c:/Users/seanx/AppData/Roaming/TinyTeX/texmf-dist/tex/latex/base/atbegshi-ltx.
sty
Package: atbegshi-ltx 2020/08/17 v1.0a Emulation of the original atbegshi packa
ge
with kernel methods
)
\Hy@abspage=\count267
\c@Item=\count268
\c@Hfootnote=\count269
)
Package hyperref Info: Driver (autodetected): hpdftex.

(c:/Users/seanx/AppData/Roaming/TinyTeX/texmf-dist/tex/latex/hyperref/hpdftex.d
ef
File: hpdftex.def 2020-05-15 v7.00e Hyperref driver for pdfTeX

(c:/Users/seanx/AppData/Roaming/TinyTeX/texmf-dist/tex/latex/base/atveryend-ltx
.sty
Package: atveryend-ltx 2020/08/19 v1.0a Emulation of the original atvery packag
e
with kernel methods
)
\Fld@listcount=\count270
\c@bookmark@seq@number=\count271

(c:/Users/seanx/AppData/Roaming/TinyTeX/texmf-dist/tex/latex/rerunfilecheck/rer
unfilecheck.sty
Package: rerunfilecheck 2019/12/05 v1.9 Rerun checks for auxiliary files (HO)

(c:/Users/seanx/AppData/Roaming/TinyTeX/texmf-dist/tex/generic/uniquecounter/un
iquecounter.sty
Package: uniquecounter 2019/12/15 v1.4 Provide unlimited unique counter (HO)
)
Package uniquecounter Info: New unique counter `rerunfilecheck' on input line 2
86.
)
\Hy@SectionHShift=\skip60
) (c:/Users/seanx/AppData/Roaming/TinyTeX/texmf-dist/tex/latex/subfig/subfig.st
y
Package: subfig 2005/06/28 ver: 1.3 subfig package

(c:/Users/seanx/AppData/Roaming/TinyTeX/texmf-dist/tex/latex/caption/caption.st
y
Package: caption 2020/10/26 v3.5g Customizing captions (AR)

(c:/Users/seanx/AppData/Roaming/TinyTeX/texmf-dist/tex/latex/caption/caption3.s
ty
Package: caption3 2020/10/21 v2.2e caption3 kernel (AR)
\captionmargin=\dimen172
\captionmargin@=\dimen173
\captionwidth=\dimen174
\caption@tempdima=\dimen175
\caption@indent=\dimen176
\caption@parindent=\dimen177
\caption@hangindent=\dimen178
Package caption Info: Standard document class detected.
)
\c@caption@flags=\count272
\c@continuedfloat=\count273
Package caption Info: hyperref package is loaded.
Package caption Info: longtable package is loaded.

(c:/Users/seanx/AppData/Roaming/TinyTeX/texmf-dist/tex/latex/caption/ltcaption.
sty
Package: ltcaption 2020/05/30 v1.4b longtable captions (AR)
))
\c@KVtest=\count274
\sf@farskip=\skip61
\sf@captopadj=\dimen179
\sf@capskip=\skip62
\sf@nearskip=\skip63
\c@subfigure=\count275
\c@subfigure@save=\count276
\c@lofdepth=\count277
\c@subtable=\count278
\c@subtable@save=\count279
\c@lotdepth=\count280
\sf@top=\skip64
\sf@bottom=\skip65
)
(c:/Users/seanx/AppData/Roaming/TinyTeX/texmf-dist/tex/latex/graphics/color.sty
Package: color 2020/02/24 v1.2b Standard LaTeX Color (DPC)

(c:/Users/seanx/AppData/Roaming/TinyTeX/texmf-dist/tex/latex/graphics-cfg/color
.cfg
File: color.cfg 2016/01/02 v1.6 sample color configuration
)
Package color Info: Driver file: pdftex.def on input line 147.

(c:/Users/seanx/AppData/Roaming/TinyTeX/texmf-dist/tex/latex/graphics/dvipsnam.
def
File: dvipsnam.def 2016/06/17 v3.0m Driver-dependent file (DPC,SPQR)
))
Package hyperref Info: Option `breaklinks' set `true' on input line 118.

Package hyperref Warning: Option `bookmarks' has already been used,
(hyperref)                setting the option has no effect on input line 118.

Package hyperref Info: Option `colorlinks' set `true' on input line 118.

(c:/Users/seanx/AppData/Roaming/TinyTeX/texmf-dist/tex/latex/placeins/placeins.
sty
Package: placeins 2005/04/18  v 2.2
)
(c:/Users/seanx/AppData/Roaming/TinyTeX/texmf-dist/tex/latex/l3backend/l3backen
d-pdftex.def
File: l3backend-pdftex.def 2020-09-24 L3 backend support: PDF output (pdfTeX)
\l__kernel_color_stack_int=\count281
\l__pdf_internal_box=\box52
) (./stock_analysis.aux)
\openout1 = `stock_analysis.aux'.

LaTeX Font Info:    Checking defaults for OML/cmm/m/it on input line 136.
LaTeX Font Info:    ... okay on input line 136.
LaTeX Font Info:    Checking defaults for OMS/cmsy/m/n on input line 136.
LaTeX Font Info:    ... okay on input line 136.
LaTeX Font Info:    Checking defaults for OT1/cmr/m/n on input line 136.
LaTeX Font Info:    ... okay on input line 136.
LaTeX Font Info:    Checking defaults for T1/cmr/m/n on input line 136.
LaTeX Font Info:    ... okay on input line 136.
LaTeX Font Info:    Checking defaults for TS1/cmr/m/n on input line 136.
LaTeX Font Info:    ... okay on input line 136.
LaTeX Font Info:    Checking defaults for OMX/cmex/m/n on input line 136.
LaTeX Font Info:    ... okay on input line 136.
LaTeX Font Info:    Checking defaults for U/cmr/m/n on input line 136.
LaTeX Font Info:    ... okay on input line 136.
LaTeX Font Info:    Checking defaults for PD1/pdf/m/n on input line 136.
LaTeX Font Info:    ... okay on input line 136.
*geometry* driver: auto-detecting
*geometry* detected driver: pdftex
*geometry* verbose mode - [ preamble ] result:
* driver: pdftex
* paper: <default>
* layout: <same size as paper>
* layoutoffset:(h,v)=(0.0pt,0.0pt)
* modes: 
* h-part:(L,W,R)=(72.26999pt, 469.75502pt, 72.26999pt)
* v-part:(T,H,B)=(72.26999pt, 650.43001pt, 72.26999pt)
* \paperwidth=614.295pt
* \paperheight=794.96999pt
* \textwidth=469.75502pt
* \textheight=650.43001pt
* \oddsidemargin=0.0pt
* \evensidemargin=0.0pt
* \topmargin=-37.0pt
* \headheight=12.0pt
* \headsep=25.0pt
* \topskip=11.0pt
* \footskip=30.0pt
* \marginparwidth=59.0pt
* \marginparsep=10.0pt
* \columnsep=10.0pt
* \skip\footins=10.0pt plus 4.0pt minus 2.0pt
* \hoffset=0.0pt
* \voffset=0.0pt
* \mag=1000
* \@twocolumnfalse
* \@twosidefalse
* \@mparswitchfalse
* \@reversemarginfalse
* (1in=72.27pt=25.4mm, 1cm=28.453pt)

\big@size=\dimen180

(c:/Users/seanx/AppData/Roaming/TinyTeX/texmf-dist/tex/latex/epstopdf-pkg/epsto
pdf-base.sty
Package: epstopdf-base 2020-01-24 v2.11 Base part for package epstopdf
(c:/Users/seanx/AppData/Roaming/TinyTeX/texmf-dist/tex/latex/grfext/grfext.sty
Package: grfext 2019/12/03 v1.3 Manage graphics extensions (HO)
)
Package epstopdf-base Info: Redefining graphics rule for `.eps' on input line 4
85.
Package grfext Info: Graphics extension search list:
(grfext)             [.pdf,.png,.jpg,.mps,.jpeg,.jbig2,.jb2,.PDF,.PNG,.JPG,.JPE
G,.JBIG2,.JB2,.eps]
(grfext)             \AppendGraphicsExtensions on input line 504.

(c:/Users/seanx/AppData/Roaming/TinyTeX/texmf-dist/tex/latex/latexconfig/epstop
df-sys.cfg
File: epstopdf-sys.cfg 2010/07/13 v1.3 Configuration of (r)epstopdf for TeX Liv
e
))
Package hyperref Info: Link coloring ON on input line 136.

(c:/Users/seanx/AppData/Roaming/TinyTeX/texmf-dist/tex/latex/hyperref/nameref.s
ty
Package: nameref 2019/09/16 v2.46 Cross-referencing by name of section

(c:/Users/seanx/AppData/Roaming/TinyTeX/texmf-dist/tex/latex/refcount/refcount.
sty
Package: refcount 2019/12/15 v3.6 Data extraction from label references (HO)
)
(c:/Users/seanx/AppData/Roaming/TinyTeX/texmf-dist/tex/generic/gettitlestring/g
ettitlestring.sty
Package: gettitlestring 2019/12/15 v1.6 Cleanup title references (HO)
)
\c@section@level=\count282
)
LaTeX Info: Redefining \ref on input line 136.
LaTeX Info: Redefining \pageref on input line 136.
LaTeX Info: Redefining \nameref on input line 136.
(./stock_analysis.out) (./stock_analysis.out)
\@outlinefile=\write3
\openout3 = `stock_analysis.out'.

Package caption Info: Begin \AtBeginDocument code.
Package caption Info: subfig package v1.3 is loaded.
Package caption Info: End \AtBeginDocument code.
LaTeX Font Info:    Trying to load font information for T1+phv on input line 15
2.
(c:/Users/seanx/AppData/Roaming/TinyTeX/texmf-dist/tex/latex/psnfss/t1phv.fd
File: t1phv.fd 2020/03/25 scalable font definitions for T1/phv.
) [1

{c:/Users/seanx/AppData/Roaming/TinyTeX/texmf-var/fonts/map/pdftex/updmap/pdfte
x.map}] [2]
LaTeX Font Info:    Trying to load font information for OT1+ppl on input line 3
43.
(c:/Users/seanx/AppData/Roaming/TinyTeX/texmf-dist/tex/latex/psnfss/ot1ppl.fd
File: ot1ppl.fd 2001/06/04 font definitions for OT1/ppl.
)
LaTeX Font Info:    Trying to load font information for OML+zplm on input line 
343.
(c:/Users/seanx/AppData/Roaming/TinyTeX/texmf-dist/tex/latex/psnfss/omlzplm.fd
File: omlzplm.fd 2002/09/08 Fontinst v1.914 font definitions for OML/zplm.
)
LaTeX Font Info:    Trying to load font information for OMS+zplm on input line 
343.
(c:/Users/seanx/AppData/Roaming/TinyTeX/texmf-dist/tex/latex/psnfss/omszplm.fd
File: omszplm.fd 2002/09/08 Fontinst v1.914 font definitions for OMS/zplm.
)
LaTeX Font Info:    Trying to load font information for OMX+zplm on input line 
343.
(c:/Users/seanx/AppData/Roaming/TinyTeX/texmf-dist/tex/latex/psnfss/omxzplm.fd
File: omxzplm.fd 2002/09/08 Fontinst v1.914 font definitions for OMX/zplm.
)
LaTeX Font Info:    Trying to load font information for OT1+zplm on input line 
343.
(c:/Users/seanx/AppData/Roaming/TinyTeX/texmf-dist/tex/latex/psnfss/ot1zplm.fd
File: ot1zplm.fd 2002/09/08 Fontinst v1.914 font definitions for OT1/zplm.
)
Overfull \hbox (0.75035pt too wide) in paragraph at lines 326--345
\T1/ppl/m/n/10.95 Supervised learn-ing was per-formed us-ing four al-go-rithms:
 XG-Boost, Ran-dom For-est, Lasso Model
 []


Overfull \hbox (14.07944pt too wide) in paragraph at lines 389--390
[]\T1/ppl/m/n/10.95 Consolidated.Income|  
 []


Overfull \hbox (7.15901pt too wide) in paragraph at lines 397--398
[]\T1/ppl/m/n/10.95 Dividend.payments|  
 []


Overfull \hbox (38.50848pt too wide) in paragraph at lines 404--405
[]\T1/ppl/m/n/10.95 Stock.based.compensation|  
 []


Overfull \hbox (9.29436pt too wide) in paragraph at lines 412--413
[]\T1/ppl/m/n/10.95 Income.Tax.Expense|  
 []


Overfull \hbox (14.30934pt too wide) in paragraph at lines 426--427
[]\T1/ppl/m/n/10.95 Operating.Cash.Flow|  
 []


Overfull \hbox (8.00208pt too wide) in paragraph at lines 433--434
[]\T1/ppl/m/n/10.95 Operating.Expenses|  
 []

[3]
<stock_analysis_files/figure-latex/missing values-1.pdf, id=127, 469.755pt x 32
5.215pt>
File: stock_analysis_files/figure-latex/missing values-1.pdf Graphic file (type
 pdf)
<use stock_analysis_files/figure-latex/missing values-1.pdf>
Package pdftex.def Info: stock_analysis_files/figure-latex/missing values-1.pdf
  used on input line 484.
(pdftex.def)             Requested size: 469.75386pt x 325.2142pt.
<stock_analysis_files/figure-latex/missing values-2.pdf, id=128, 469.755pt x 32
5.215pt>
File: stock_analysis_files/figure-latex/missing values-2.pdf Graphic file (type
 pdf)
<use stock_analysis_files/figure-latex/missing values-2.pdf>
Package pdftex.def Info: stock_analysis_files/figure-latex/missing values-2.pdf
  used on input line 485.
(pdftex.def)             Requested size: 469.75386pt x 325.2142pt.

Overfull \hbox (16.99884pt too wide) in paragraph at lines 484--486
[][]
 []

[4 <./stock_analysis_files/figure-latex/missing values-1.pdf>]

LaTeX Warning: Hyper reference `sec:fig3' on page 5 undefined on input line 499
.

<stock_analysis_files/figure-latex/corrplot-1.pdf, id=141, 361.35pt x 361.35pt>

File: stock_analysis_files/figure-latex/corrplot-1.pdf Graphic file (type pdf)
<use stock_analysis_files/figure-latex/corrplot-1.pdf>
Package pdftex.def Info: stock_analysis_files/figure-latex/corrplot-1.pdf  used
 on input line 508.
(pdftex.def)             Requested size: 361.34912pt x 361.34912pt.
<stock_analysis_files/figure-latex/data normal distribution plot1-1.pdf, id=142
, 361.35pt x 361.35pt>
File: stock_analysis_files/figure-latex/data normal distribution plot1-1.pdf Gr
aphic file (type pdf)
<use stock_analysis_files/figure-latex/data normal distribution plot1-1.pdf>
Package pdftex.def Info: stock_analysis_files/figure-latex/data normal distribu
tion plot1-1.pdf  used on input line 525.
(pdftex.def)             Requested size: 361.34912pt x 361.34912pt.
<stock_analysis_files/figure-latex/variable importance-1.pdf, id=143, 361.35pt 
x 361.35pt>
File: stock_analysis_files/figure-latex/variable importance-1.pdf Graphic file 
(type pdf)
<use stock_analysis_files/figure-latex/variable importance-1.pdf>
Package pdftex.def Info: stock_analysis_files/figure-latex/variable importance-
1.pdf  used on input line 542.
(pdftex.def)             Requested size: 361.34912pt x 361.34912pt.
[5 <./stock_analysis_files/figure-latex/missing values-2.pdf>] [6 <./stock_anal
ysis_files/figure-latex/corrplot-1.pdf>] [7 <./stock_analysis_files/figure-late
x/data normal distribution plot1-1.pdf>]
<stock_analysis_files/figure-latex/correlation plot 2-1.pdf, id=180, 469.755pt 
x 325.215pt>
File: stock_analysis_files/figure-latex/correlation plot 2-1.pdf Graphic file (
type pdf)
<use stock_analysis_files/figure-latex/correlation plot 2-1.pdf>
Package pdftex.def Info: stock_analysis_files/figure-latex/correlation plot 2-1
.pdf  used on input line 549.
(pdftex.def)             Requested size: 469.75386pt x 325.2142pt.
[8 <./stock_analysis_files/figure-latex/variable importance-1.pdf>]
<stock_analysis_files/figure-latex/scree-1.pdf, id=192, 216.81pt x 216.81pt>
File: stock_analysis_files/figure-latex/scree-1.pdf Graphic file (type pdf)
<use stock_analysis_files/figure-latex/scree-1.pdf>
Package pdftex.def Info: stock_analysis_files/figure-latex/scree-1.pdf  used on
 input line 566.
(pdftex.def)             Requested size: 216.81938pt x 216.81938pt.
<stock_analysis_files/figure-latex/PCAind-1.pdf, id=193, 289.08pt x 289.08pt>
File: stock_analysis_files/figure-latex/PCAind-1.pdf Graphic file (type pdf)
<use stock_analysis_files/figure-latex/PCAind-1.pdf>
Package pdftex.def Info: stock_analysis_files/figure-latex/PCAind-1.pdf  used o
n input line 574.
(pdftex.def)             Requested size: 289.09251pt x 289.09251pt.
<stock_analysis_files/figure-latex/PCAvar-1.pdf, id=194, 289.08pt x 289.08pt>
File: stock_analysis_files/figure-latex/PCAvar-1.pdf Graphic file (type pdf)
<use stock_analysis_files/figure-latex/PCAvar-1.pdf>
Package pdftex.def Info: stock_analysis_files/figure-latex/PCAvar-1.pdf  used o
n input line 582.
(pdftex.def)             Requested size: 289.09251pt x 289.09251pt.
<unsupervised_elbow.png, id=195, 436.63126pt x 462.22687pt>
File: unsupervised_elbow.png Graphic file (type png)
<use unsupervised_elbow.png>
Package pdftex.def Info: unsupervised_elbow.png  used on input line 600.
(pdftex.def)             Requested size: 245.76437pt x 260.17125pt.
<cluster_image.png, id=196, 1077.27469pt x 782.925pt>
File: cluster_image.png Graphic file (type png)
<use cluster_image.png>
Package pdftex.def Info: cluster_image.png  used on input line 611.
(pdftex.def)             Requested size: 469.76137pt x 341.40588pt.
LaTeX Font Info:    Trying to load font information for T1+cmtt on input line 6
23.
(c:/Users/seanx/AppData/Roaming/TinyTeX/texmf-dist/tex/latex/base/t1cmtt.fd
File: t1cmtt.fd 2019/12/16 v2.5j Standard LaTeX font definitions
) [9 <./stock_analysis_files/figure-latex/correlation plot 2-1.pdf>] [10 <./sto
ck_analysis_files/figure-latex/scree-1.pdf> <./stock_analysis_files/figure-late
x/PCAind-1.pdf>] [11 <./stock_analysis_files/figure-latex/PCAvar-1.pdf> <./unsu
pervised_elbow.png>] [12 <./cluster_image.png (PNG copy)>]
<stock_analysis_files/figure-latex/cluster by marketcap-1.pdf, id=245, 361.35pt
 x 361.35pt>
File: stock_analysis_files/figure-latex/cluster by marketcap-1.pdf Graphic file
 (type pdf)
<use stock_analysis_files/figure-latex/cluster by marketcap-1.pdf>
Package pdftex.def Info: stock_analysis_files/figure-latex/cluster by marketcap
-1.pdf  used on input line 631.
(pdftex.def)             Requested size: 361.34912pt x 361.34912pt.

Overfull \hbox (205.11722pt too wide) in paragraph at lines 642--658
 [][] 
 []


Overfull \hbox (106.98474pt too wide) in paragraph at lines 662--675
 [][] 
 []

[13 <./stock_analysis_files/figure-latex/cluster by marketcap-1.pdf>]
Overfull \hbox (288.46669pt too wide) in paragraph at lines 705--705
[]\T1/cmtt/m/n/10.95 ## [18:55:48] WARNING: amalgamation/../src/objective/regre
ssion_obj.cu:174: reg:linear is now deprecated in favor of reg:squarederror.[] 

 []

<stock_analysis_files/figure-latex/XGBoost-1.pdf, id=264, 361.35pt x 361.35pt>
File: stock_analysis_files/figure-latex/XGBoost-1.pdf Graphic file (type pdf)
<use stock_analysis_files/figure-latex/XGBoost-1.pdf>
Package pdftex.def Info: stock_analysis_files/figure-latex/XGBoost-1.pdf  used 
on input line 707.
(pdftex.def)             Requested size: 361.34912pt x 361.34912pt.
<stock_analysis_files/figure-latex/XGBoost-2.pdf, id=265, 361.35pt x 361.35pt>
File: stock_analysis_files/figure-latex/XGBoost-2.pdf Graphic file (type pdf)
<use stock_analysis_files/figure-latex/XGBoost-2.pdf>
Package pdftex.def Info: stock_analysis_files/figure-latex/XGBoost-2.pdf  used 
on input line 709.
(pdftex.def)             Requested size: 361.34912pt x 361.34912pt.
[14 <./stock_analysis_files/figure-latex/XGBoost-1.pdf>]
<stock_analysis_files/figure-latex/XGBoost-3.pdf, id=276, 361.35pt x 361.35pt>
File: stock_analysis_files/figure-latex/XGBoost-3.pdf Graphic file (type pdf)
<use stock_analysis_files/figure-latex/XGBoost-3.pdf>
Package pdftex.def Info: stock_analysis_files/figure-latex/XGBoost-3.pdf  used 
on input line 711.
(pdftex.def)             Requested size: 361.34912pt x 361.34912pt.
[15 <./stock_analysis_files/figure-latex/XGBoost-2.pdf>]
<stock_analysis_files/figure-latex/Lasso regression-1.pdf, id=286, 361.35pt x 3
61.35pt>
File: stock_analysis_files/figure-latex/Lasso regression-1.pdf Graphic file (ty
pe pdf)
<use stock_analysis_files/figure-latex/Lasso regression-1.pdf>
Package pdftex.def Info: stock_analysis_files/figure-latex/Lasso regression-1.p
df  used on input line 721.
(pdftex.def)             Requested size: 361.34912pt x 361.34912pt.
[16 <./stock_analysis_files/figure-latex/XGBoost-3.pdf>]
<stock_analysis_files/figure-latex/gradient boosting-1.pdf, id=299, 361.35pt x 
361.35pt>
File: stock_analysis_files/figure-latex/gradient boosting-1.pdf Graphic file (t
ype pdf)
<use stock_analysis_files/figure-latex/gradient boosting-1.pdf>
Package pdftex.def Info: stock_analysis_files/figure-latex/gradient boosting-1.
pdf  used on input line 731.
(pdftex.def)             Requested size: 361.34912pt x 361.34912pt.
[17 <./stock_analysis_files/figure-latex/Lasso regression-1.pdf>] [18 <./stock_
analysis_files/figure-latex/gradient boosting-1.pdf>] [19] (./stock_analysis.au
x)
Package rerunfilecheck Info: File `stock_analysis.out' has not changed.
(rerunfilecheck)             Checksum: AEA237750F7FFB8229F8B6A34B096B6A;1467.

LaTeX Warning: There were undefined references.

 ) 
Here is how much of TeX's memory you used:
 8181 strings out of 481433
 137458 string characters out of 5918819
 442732 words of memory out of 5000000
 24671 multiletter control sequences out of 15000+600000
 556506 words of font info for 65 fonts, out of 8000000 for 9000
 14 hyphenation exceptions out of 8191
 68i,10n,76p,570b,468s stack positions out of 5000i,500n,10000p,200000b,80000s
{c:/Users/seanx/AppData/Roaming/TinyTeX/texmf-dist/fonts/enc/dvips/base/8r.en
c} <c:/Users/seanx/AppData/Roaming/TinyTeX/texmf-var/fonts/pk/ljfour/jknappen/e
c/ectt1095.600pk><c:/Users/seanx/AppData/Roaming/TinyTeX/texmf-dist/fonts/type1
/urw/helvetic/uhvb8a.pfb><c:/Users/seanx/AppData/Roaming/TinyTeX/texmf-dist/fon
ts/type1/urw/palatino/uplb8a.pfb><c:/Users/seanx/AppData/Roaming/TinyTeX/texmf-
dist/fonts/type1/urw/palatino/uplbi8a.pfb><c:/Users/seanx/AppData/Roaming/TinyT
eX/texmf-dist/fonts/type1/urw/palatino/uplr8a.pfb><c:/Users/seanx/AppData/Roami
ng/TinyTeX/texmf-dist/fonts/type1/urw/palatino/uplri8a.pfb>
Output written on stock_analysis.pdf (19 pages, 1763820 bytes).
PDF statistics:
 415 PDF objects out of 1000 (max. 8388607)
 303 compressed objects within 4 object streams
 87 named destinations out of 1000 (max. 500000)
 270 words of extra memory for PDF output out of 10000 (max. 10000000)

